<?xml version="1.0" encoding="UTF-8"?>
<!-- Generated by org.testng.reporters.JUnitReportReporter -->
<testsuite hostname="VICTORs-MacBook-Pro.local" failures="0" tests="1" name="cs.ing.software.lab1.PruebaTest" time="0.130" errors="0" timestamp="2021-09-11T20:05:48 PET" skipped="0">
  <testcase classname="cs.ing.software.lab1.PruebaTest" name="Test01" time="0.130"/>
  <system-out/>
</testsuite> <!-- cs.ing.software.lab1.PruebaTest -->
