<?xml version="1.0" encoding="UTF-8"?>
<!-- Generated by org.testng.reporters.JUnitReportReporter -->
<testsuite hostname="VICTORs-MacBook-Pro.local" failures="0" tests="4" name="cs.ing.software.lab1.PruebaTest" time="0.050" errors="0" timestamp="2021-09-17T17:29:59 PET" skipped="0">
  <testcase classname="cs.ing.software.lab1.PruebaTest" name="Test01" time="0.041"/>
  <system-out/>
  <testcase classname="cs.ing.software.lab1.PruebaTest" name="Test03" time="0.000"/>
  <system-out/>
  <testcase classname="cs.ing.software.lab1.PruebaTest" name="Test04" time="0.000"/>
  <system-out/>
  <testcase classname="cs.ing.software.lab1.PruebaTest" name="Test02" time="0.009"/>
  <system-out/>
</testsuite> <!-- cs.ing.software.lab1.PruebaTest -->
